<?xml version="1.0" encoding="UTF-8"?>
<!-- Generated by org.testng.reporters.JUnitReportReporter -->
<testsuite hostname="DESKTOP-N75U7ON" failures="0" tests="1" name="TestCases.TestLogin" time="1.723" errors="0" timestamp="2024-08-29T12:33:31 IST" skipped="0">
  <testcase classname="TestCases.TestLogin" name="verifyLoginWithValidCredentials" time="1.723"/>
</testsuite> <!-- TestCases.TestLogin -->
